13:43:37.040 [main] INFO  com.DemoApplication - Starting DemoApplication on DESKTOP-UMNURL0 with PID 1320 (C:\Users\zzj\Desktop\spring_boot_example\target\classes started by zzj in C:\Users\zzj\Desktop\spring_boot_example)
13:43:37.050 [main] INFO  com.DemoApplication - No active profile set, falling back to default profiles: default
13:43:38.723 [main] INFO  o.s.d.r.c.RepositoryConfigurationDelegate - Bootstrapping Spring Data repositories in DEFAULT mode.
13:43:38.773 [main] INFO  o.s.d.r.c.RepositoryConfigurationDelegate - Finished Spring Data repository scanning in 40ms. Found 2 repository interfaces.
13:43:38.773 [main] INFO  o.s.d.r.c.RepositoryConfigurationDelegate - Bootstrapping Spring Data repositories in DEFAULT mode.
13:43:38.783 [main] INFO  o.s.d.r.c.RepositoryConfigurationDelegate - Finished Spring Data repository scanning in 10ms. Found 1 repository interfaces.
13:43:39.303 [main] INFO  o.s.c.s.PostProcessorRegistrationDelegate$BeanPostProcessorChecker - Bean 'org.springframework.transaction.annotation.ProxyTransactionManagementConfiguration' of type [org.springframework.transaction.annotation.ProxyTransactionManagementConfiguration$$EnhancerBySpringCGLIB$$7cd5c714] is not eligible for getting processed by all BeanPostProcessors (for example: not eligible for auto-proxying)
13:43:39.593 [main] INFO  o.s.b.w.e.tomcat.TomcatWebServer - Tomcat initialized with port(s): 8080 (http)
13:43:39.603 [main] INFO  o.a.coyote.http11.Http11NioProtocol - Initializing ProtocolHandler ["http-nio-8080"]
13:43:39.613 [main] INFO  o.a.catalina.core.StandardService - Starting service [Tomcat]
13:43:39.613 [main] INFO  o.a.catalina.core.StandardEngine - Starting Servlet engine: [Apache Tomcat/9.0.17]
13:43:39.723 [main] INFO  o.a.c.c.C.[Tomcat].[localhost].[/] - Initializing Spring embedded WebApplicationContext
13:43:39.723 [main] INFO  o.s.web.context.ContextLoader - Root WebApplicationContext: initialization completed in 2593 ms
13:43:40.170 [main] INFO  com.zaxxer.hikari.HikariDataSource - HikariPool-1 - Starting...
13:43:40.260 [main] INFO  com.zaxxer.hikari.HikariDataSource - HikariPool-1 - Start completed.
13:43:40.270 [main] INFO  com.datasource.GymDataSourceConfig - key:hibernate.hbm2ddl.auto ##### valueupdate
13:43:40.270 [main] INFO  com.datasource.GymDataSourceConfig - gymmmmmnull
13:43:40.300 [main] INFO  o.h.jpa.internal.util.LogHelper - HHH000204: Processing PersistenceUnitInfo [
	name: GymPersistenceUnit
	...]
13:43:40.391 [main] INFO  org.hibernate.Version - HHH000412: Hibernate Core {5.3.9.Final}
13:43:40.401 [main] INFO  org.hibernate.cfg.Environment - HHH000206: hibernate.properties not found
13:43:40.501 [main] INFO  o.h.annotations.common.Version - HCANN000001: Hibernate Commons Annotations {5.0.4.Final}
13:43:40.621 [main] INFO  com.zaxxer.hikari.HikariDataSource - HikariPool-2 - Starting...
13:43:40.631 [main] INFO  com.zaxxer.hikari.HikariDataSource - HikariPool-2 - Start completed.
13:43:40.631 [main] INFO  org.hibernate.dialect.Dialect - HHH000400: Using dialect: org.hibernate.dialect.MySQL5Dialect
13:43:41.459 [main] INFO  o.s.o.j.LocalContainerEntityManagerFactoryBean - Initialized JPA EntityManagerFactory for persistence unit 'GymPersistenceUnit'
13:43:41.499 [main] INFO  com.datasource.UserDataSourceConfig - key:hibernate.hbm2ddl.auto ##### valueupdate
13:43:41.499 [main] INFO  com.datasource.UserDataSourceConfig - userrrrrrrrrrrrrrrnull
13:43:41.499 [main] INFO  o.h.jpa.internal.util.LogHelper - HHH000204: Processing PersistenceUnitInfo [
	name: UserPersistenceUnit
	...]
13:43:41.519 [main] INFO  org.hibernate.dialect.Dialect - HHH000400: Using dialect: org.hibernate.dialect.MySQL5Dialect
13:43:41.549 [main] INFO  o.s.o.j.LocalContainerEntityManagerFactoryBean - Initialized JPA EntityManagerFactory for persistence unit 'UserPersistenceUnit'
13:43:42.037 [main] INFO  o.s.s.c.ThreadPoolTaskExecutor - Initializing ExecutorService 'applicationTaskExecutor'
13:43:42.067 [main] WARN  o.s.b.a.o.j.JpaBaseConfiguration$JpaWebConfiguration$JpaWebMvcConfiguration - spring.jpa.open-in-view is enabled by default. Therefore, database queries may be performed during view rendering. Explicitly configure spring.jpa.open-in-view to disable this warning
13:43:42.347 [main] INFO  o.s.b.a.e.web.EndpointLinksResolver - Exposing 15 endpoint(s) beneath base path '/actuator'
13:43:42.397 [main] INFO  o.a.coyote.http11.Http11NioProtocol - Starting ProtocolHandler ["http-nio-8080"]
13:43:42.434 [main] INFO  o.s.b.w.e.tomcat.TomcatWebServer - Tomcat started on port(s): 8080 (http) with context path ''
13:43:42.435 [main] INFO  com.DemoApplication - Started DemoApplication in 5.941 seconds (JVM running for 7.275)
13:43:42.749 [RMI TCP Connection(2)-192.168.183.1] INFO  o.a.c.c.C.[Tomcat].[localhost].[/] - Initializing Spring DispatcherServlet 'dispatcherServlet'
13:43:42.749 [RMI TCP Connection(2)-192.168.183.1] INFO  o.s.web.servlet.DispatcherServlet - Initializing Servlet 'dispatcherServlet'
13:43:42.763 [RMI TCP Connection(2)-192.168.183.1] INFO  o.s.web.servlet.DispatcherServlet - Completed initialization in 14 ms
16:50:53.073 [main] INFO  com.DemoApplication - Starting DemoApplication on DESKTOP-UMNURL0 with PID 17436 (C:\Users\zzj\Desktop\spring_boot_example\target\classes started by zzj in C:\Users\zzj\Desktop\spring_boot_example)
16:50:53.078 [main] INFO  com.DemoApplication - No active profile set, falling back to default profiles: default
16:50:55.122 [main] INFO  o.s.d.r.c.RepositoryConfigurationDelegate - Bootstrapping Spring Data repositories in DEFAULT mode.
16:50:55.185 [main] INFO  o.s.d.r.c.RepositoryConfigurationDelegate - Finished Spring Data repository scanning in 53ms. Found 2 repository interfaces.
16:50:55.185 [main] INFO  o.s.d.r.c.RepositoryConfigurationDelegate - Bootstrapping Spring Data repositories in DEFAULT mode.
16:50:55.193 [main] INFO  o.s.d.r.c.RepositoryConfigurationDelegate - Finished Spring Data repository scanning in 7ms. Found 1 repository interfaces.
16:50:55.975 [main] INFO  o.s.c.s.PostProcessorRegistrationDelegate$BeanPostProcessorChecker - Bean 'org.springframework.transaction.annotation.ProxyTransactionManagementConfiguration' of type [org.springframework.transaction.annotation.ProxyTransactionManagementConfiguration$$EnhancerBySpringCGLIB$$cf670ccb] is not eligible for getting processed by all BeanPostProcessors (for example: not eligible for auto-proxying)
16:50:56.493 [main] INFO  o.s.b.w.e.tomcat.TomcatWebServer - Tomcat initialized with port(s): 8080 (http)
16:50:56.512 [main] INFO  o.a.coyote.http11.Http11NioProtocol - Initializing ProtocolHandler ["http-nio-8080"]
16:50:56.520 [main] INFO  o.a.catalina.core.StandardService - Starting service [Tomcat]
16:50:56.520 [main] INFO  o.a.catalina.core.StandardEngine - Starting Servlet engine: [Apache Tomcat/9.0.17]
16:50:56.663 [main] INFO  o.a.c.c.C.[Tomcat].[localhost].[/] - Initializing Spring embedded WebApplicationContext
16:50:56.663 [main] INFO  o.s.web.context.ContextLoader - Root WebApplicationContext: initialization completed in 3526 ms
16:50:57.296 [main] INFO  com.zaxxer.hikari.HikariDataSource - HikariPool-1 - Starting...
16:50:57.439 [main] INFO  com.zaxxer.hikari.HikariDataSource - HikariPool-1 - Start completed.
16:50:57.458 [main] INFO  com.datasource.GymDataSourceConfig - key:hibernate.show_sql ##### valuetrue
16:50:57.458 [main] INFO  com.datasource.GymDataSourceConfig - key:hibernate.hbm2ddl.auto ##### valueupdate
16:50:57.458 [main] INFO  com.datasource.GymDataSourceConfig - gymmmmmnull
16:50:57.490 [main] INFO  o.h.jpa.internal.util.LogHelper - HHH000204: Processing PersistenceUnitInfo [
	name: GymPersistenceUnit
	...]
16:50:57.623 [main] INFO  org.hibernate.Version - HHH000412: Hibernate Core {5.3.9.Final}
16:50:57.624 [main] INFO  org.hibernate.cfg.Environment - HHH000206: hibernate.properties not found
16:50:57.752 [main] INFO  o.h.annotations.common.Version - HCANN000001: Hibernate Commons Annotations {5.0.4.Final}
16:50:57.934 [main] INFO  com.zaxxer.hikari.HikariDataSource - HikariPool-2 - Starting...
16:50:57.940 [main] INFO  com.zaxxer.hikari.HikariDataSource - HikariPool-2 - Start completed.
16:50:57.954 [main] INFO  org.hibernate.dialect.Dialect - HHH000400: Using dialect: org.hibernate.dialect.MySQL5Dialect
16:50:59.022 [main] INFO  o.s.o.j.LocalContainerEntityManagerFactoryBean - Initialized JPA EntityManagerFactory for persistence unit 'GymPersistenceUnit'
16:50:59.061 [main] INFO  com.datasource.UserDataSourceConfig - key:hibernate.show_sql ##### valuetrue
16:50:59.062 [main] INFO  com.datasource.UserDataSourceConfig - key:hibernate.hbm2ddl.auto ##### valueupdate
16:50:59.062 [main] INFO  com.datasource.UserDataSourceConfig - userrrrrrrrrrrrrrrnull
16:50:59.064 [main] INFO  o.h.jpa.internal.util.LogHelper - HHH000204: Processing PersistenceUnitInfo [
	name: UserPersistenceUnit
	...]
16:50:59.080 [main] INFO  org.hibernate.dialect.Dialect - HHH000400: Using dialect: org.hibernate.dialect.MySQL5Dialect
16:50:59.107 [main] INFO  o.s.o.j.LocalContainerEntityManagerFactoryBean - Initialized JPA EntityManagerFactory for persistence unit 'UserPersistenceUnit'
16:50:59.681 [main] INFO  o.s.s.c.ThreadPoolTaskExecutor - Initializing ExecutorService 'applicationTaskExecutor'
16:50:59.717 [main] WARN  o.s.b.a.o.j.JpaBaseConfiguration$JpaWebConfiguration$JpaWebMvcConfiguration - spring.jpa.open-in-view is enabled by default. Therefore, database queries may be performed during view rendering. Explicitly configure spring.jpa.open-in-view to disable this warning
16:51:00.144 [main] INFO  o.s.b.a.e.web.EndpointLinksResolver - Exposing 15 endpoint(s) beneath base path '/actuator'
16:51:00.217 [main] INFO  o.a.coyote.http11.Http11NioProtocol - Starting ProtocolHandler ["http-nio-8080"]
16:51:00.301 [main] INFO  o.s.b.w.e.tomcat.TomcatWebServer - Tomcat started on port(s): 8080 (http) with context path ''
16:51:00.303 [main] INFO  com.DemoApplication - Started DemoApplication in 8.374 seconds (JVM running for 9.768)
16:51:01.471 [RMI TCP Connection(3)-192.168.183.1] INFO  o.a.c.c.C.[Tomcat].[localhost].[/] - Initializing Spring DispatcherServlet 'dispatcherServlet'
16:51:01.471 [RMI TCP Connection(3)-192.168.183.1] INFO  o.s.web.servlet.DispatcherServlet - Initializing Servlet 'dispatcherServlet'
16:51:01.489 [RMI TCP Connection(3)-192.168.183.1] INFO  o.s.web.servlet.DispatcherServlet - Completed initialization in 17 ms
16:51:32.564 [main] INFO  com.DemoApplication - Starting DemoApplication on DESKTOP-UMNURL0 with PID 14148 (C:\Users\zzj\Desktop\spring_boot_example\target\classes started by zzj in C:\Users\zzj\Desktop\spring_boot_example)
16:51:32.568 [main] INFO  com.DemoApplication - No active profile set, falling back to default profiles: default
16:51:34.461 [main] INFO  o.s.d.r.c.RepositoryConfigurationDelegate - Bootstrapping Spring Data repositories in DEFAULT mode.
16:51:34.524 [main] INFO  o.s.d.r.c.RepositoryConfigurationDelegate - Finished Spring Data repository scanning in 56ms. Found 2 repository interfaces.
16:51:34.525 [main] INFO  o.s.d.r.c.RepositoryConfigurationDelegate - Bootstrapping Spring Data repositories in DEFAULT mode.
16:51:34.532 [main] INFO  o.s.d.r.c.RepositoryConfigurationDelegate - Finished Spring Data repository scanning in 7ms. Found 1 repository interfaces.
16:51:35.142 [main] INFO  o.s.c.s.PostProcessorRegistrationDelegate$BeanPostProcessorChecker - Bean 'org.springframework.transaction.annotation.ProxyTransactionManagementConfiguration' of type [org.springframework.transaction.annotation.ProxyTransactionManagementConfiguration$$EnhancerBySpringCGLIB$$ceb3fb47] is not eligible for getting processed by all BeanPostProcessors (for example: not eligible for auto-proxying)
16:51:35.441 [main] INFO  o.s.b.w.e.tomcat.TomcatWebServer - Tomcat initialized with port(s): 8080 (http)
16:51:35.454 [main] INFO  o.a.coyote.http11.Http11NioProtocol - Initializing ProtocolHandler ["http-nio-8080"]
16:51:35.463 [main] INFO  o.a.catalina.core.StandardService - Starting service [Tomcat]
16:51:35.463 [main] INFO  o.a.catalina.core.StandardEngine - Starting Servlet engine: [Apache Tomcat/9.0.17]
16:51:35.569 [main] INFO  o.a.c.c.C.[Tomcat].[localhost].[/] - Initializing Spring embedded WebApplicationContext
16:51:35.569 [main] INFO  o.s.web.context.ContextLoader - Root WebApplicationContext: initialization completed in 2940 ms
16:51:36.035 [main] INFO  com.zaxxer.hikari.HikariDataSource - HikariPool-1 - Starting...
16:51:36.132 [main] INFO  com.zaxxer.hikari.HikariDataSource - HikariPool-1 - Start completed.
16:51:36.148 [main] INFO  com.datasource.GymDataSourceConfig - key:hibernate.show_sql ##### valuetrue
16:51:36.148 [main] INFO  com.datasource.GymDataSourceConfig - key:hibernate.hbm2ddl.auto ##### valueupdate
16:51:36.148 [main] INFO  com.datasource.GymDataSourceConfig - gymmmmmnull
16:51:36.179 [main] INFO  o.h.jpa.internal.util.LogHelper - HHH000204: Processing PersistenceUnitInfo [
	name: GymPersistenceUnit
	...]
16:51:36.285 [main] INFO  org.hibernate.Version - HHH000412: Hibernate Core {5.3.9.Final}
16:51:36.287 [main] INFO  org.hibernate.cfg.Environment - HHH000206: hibernate.properties not found
16:51:36.411 [main] INFO  o.h.annotations.common.Version - HCANN000001: Hibernate Commons Annotations {5.0.4.Final}
16:51:36.539 [main] INFO  com.zaxxer.hikari.HikariDataSource - HikariPool-2 - Starting...
16:51:36.544 [main] INFO  com.zaxxer.hikari.HikariDataSource - HikariPool-2 - Start completed.
16:51:36.551 [main] INFO  org.hibernate.dialect.Dialect - HHH000400: Using dialect: org.hibernate.dialect.MySQL5Dialect
16:51:37.814 [main] INFO  o.s.o.j.LocalContainerEntityManagerFactoryBean - Initialized JPA EntityManagerFactory for persistence unit 'GymPersistenceUnit'
16:51:37.866 [main] INFO  com.datasource.UserDataSourceConfig - key:hibernate.show_sql ##### valuetrue
16:51:37.866 [main] INFO  com.datasource.UserDataSourceConfig - key:hibernate.hbm2ddl.auto ##### valueupdate
16:51:37.866 [main] INFO  com.datasource.UserDataSourceConfig - userrrrrrrrrrrrrrrnull
16:51:37.870 [main] INFO  o.h.jpa.internal.util.LogHelper - HHH000204: Processing PersistenceUnitInfo [
	name: UserPersistenceUnit
	...]
16:51:37.896 [main] INFO  org.hibernate.dialect.Dialect - HHH000400: Using dialect: org.hibernate.dialect.MySQL5Dialect
16:51:37.936 [main] INFO  o.s.o.j.LocalContainerEntityManagerFactoryBean - Initialized JPA EntityManagerFactory for persistence unit 'UserPersistenceUnit'
16:51:38.590 [main] INFO  o.s.s.c.ThreadPoolTaskExecutor - Initializing ExecutorService 'applicationTaskExecutor'
16:51:38.631 [main] WARN  o.s.b.a.o.j.JpaBaseConfiguration$JpaWebConfiguration$JpaWebMvcConfiguration - spring.jpa.open-in-view is enabled by default. Therefore, database queries may be performed during view rendering. Explicitly configure spring.jpa.open-in-view to disable this warning
16:51:38.990 [main] INFO  o.s.b.a.e.web.EndpointLinksResolver - Exposing 15 endpoint(s) beneath base path '/actuator'
16:51:39.050 [main] INFO  o.a.coyote.http11.Http11NioProtocol - Starting ProtocolHandler ["http-nio-8080"]
16:51:39.078 [main] INFO  o.s.b.w.e.tomcat.TomcatWebServer - Tomcat started on port(s): 8080 (http) with context path ''
16:51:39.079 [main] INFO  com.DemoApplication - Started DemoApplication in 7.082 seconds (JVM running for 8.138)
16:51:40.181 [RMI TCP Connection(7)-192.168.183.1] INFO  o.a.c.c.C.[Tomcat].[localhost].[/] - Initializing Spring DispatcherServlet 'dispatcherServlet'
16:51:40.181 [RMI TCP Connection(7)-192.168.183.1] INFO  o.s.web.servlet.DispatcherServlet - Initializing Servlet 'dispatcherServlet'
16:51:40.193 [RMI TCP Connection(7)-192.168.183.1] INFO  o.s.web.servlet.DispatcherServlet - Completed initialization in 12 ms
16:52:40.084 [main] INFO  com.DemoApplication - Starting DemoApplication on DESKTOP-UMNURL0 with PID 14608 (C:\Users\zzj\Desktop\spring_boot_example\target\classes started by zzj in C:\Users\zzj\Desktop\spring_boot_example)
16:52:40.089 [main] INFO  com.DemoApplication - No active profile set, falling back to default profiles: default
16:52:41.690 [main] INFO  o.s.d.r.c.RepositoryConfigurationDelegate - Bootstrapping Spring Data repositories in DEFAULT mode.
16:52:41.746 [main] INFO  o.s.d.r.c.RepositoryConfigurationDelegate - Finished Spring Data repository scanning in 48ms. Found 2 repository interfaces.
16:52:41.747 [main] INFO  o.s.d.r.c.RepositoryConfigurationDelegate - Bootstrapping Spring Data repositories in DEFAULT mode.
16:52:41.753 [main] INFO  o.s.d.r.c.RepositoryConfigurationDelegate - Finished Spring Data repository scanning in 6ms. Found 1 repository interfaces.
16:52:42.328 [main] INFO  o.s.c.s.PostProcessorRegistrationDelegate$BeanPostProcessorChecker - Bean 'org.springframework.transaction.annotation.ProxyTransactionManagementConfiguration' of type [org.springframework.transaction.annotation.ProxyTransactionManagementConfiguration$$EnhancerBySpringCGLIB$$fda839c3] is not eligible for getting processed by all BeanPostProcessors (for example: not eligible for auto-proxying)
16:52:42.635 [main] INFO  o.s.b.w.e.tomcat.TomcatWebServer - Tomcat initialized with port(s): 8080 (http)
16:52:42.648 [main] INFO  o.a.coyote.http11.Http11NioProtocol - Initializing ProtocolHandler ["http-nio-8080"]
16:52:42.655 [main] INFO  o.a.catalina.core.StandardService - Starting service [Tomcat]
16:52:42.656 [main] INFO  o.a.catalina.core.StandardEngine - Starting Servlet engine: [Apache Tomcat/9.0.17]
16:52:42.762 [main] INFO  o.a.c.c.C.[Tomcat].[localhost].[/] - Initializing Spring embedded WebApplicationContext
16:52:42.763 [main] INFO  o.s.web.context.ContextLoader - Root WebApplicationContext: initialization completed in 2621 ms
16:52:43.234 [main] INFO  com.zaxxer.hikari.HikariDataSource - HikariPool-1 - Starting...
16:52:43.326 [main] INFO  com.zaxxer.hikari.HikariDataSource - HikariPool-1 - Start completed.
16:52:43.339 [main] INFO  com.datasource.GymDataSourceConfig - key:hibernate.show_sql ##### valuetrue
16:52:43.339 [main] INFO  com.datasource.GymDataSourceConfig - key:hibernate.hbm2ddl.auto ##### valueupdate
16:52:43.339 [main] INFO  com.datasource.GymDataSourceConfig - gymmmmmnull
16:52:43.367 [main] INFO  o.h.jpa.internal.util.LogHelper - HHH000204: Processing PersistenceUnitInfo [
	name: GymPersistenceUnit
	...]
16:52:43.459 [main] INFO  org.hibernate.Version - HHH000412: Hibernate Core {5.3.9.Final}
16:52:43.460 [main] INFO  org.hibernate.cfg.Environment - HHH000206: hibernate.properties not found
16:52:43.573 [main] INFO  o.h.annotations.common.Version - HCANN000001: Hibernate Commons Annotations {5.0.4.Final}
16:52:43.702 [main] INFO  com.zaxxer.hikari.HikariDataSource - HikariPool-2 - Starting...
16:52:43.707 [main] INFO  com.zaxxer.hikari.HikariDataSource - HikariPool-2 - Start completed.
16:52:43.715 [main] INFO  org.hibernate.dialect.Dialect - HHH000400: Using dialect: org.hibernate.dialect.MySQL5Dialect
16:52:44.979 [main] INFO  o.s.o.j.LocalContainerEntityManagerFactoryBean - Initialized JPA EntityManagerFactory for persistence unit 'GymPersistenceUnit'
16:52:45.016 [main] INFO  com.datasource.UserDataSourceConfig - key:hibernate.show_sql ##### valuetrue
16:52:45.016 [main] INFO  com.datasource.UserDataSourceConfig - key:hibernate.hbm2ddl.auto ##### valueupdate
16:52:45.016 [main] INFO  com.datasource.UserDataSourceConfig - userrrrrrrrrrrrrrrnull
16:52:45.018 [main] INFO  o.h.jpa.internal.util.LogHelper - HHH000204: Processing PersistenceUnitInfo [
	name: UserPersistenceUnit
	...]
16:52:45.035 [main] INFO  org.hibernate.dialect.Dialect - HHH000400: Using dialect: org.hibernate.dialect.MySQL5Dialect
16:52:45.095 [main] INFO  o.s.o.j.LocalContainerEntityManagerFactoryBean - Initialized JPA EntityManagerFactory for persistence unit 'UserPersistenceUnit'
16:52:45.640 [main] INFO  o.s.s.c.ThreadPoolTaskExecutor - Initializing ExecutorService 'applicationTaskExecutor'
16:52:45.673 [main] WARN  o.s.b.a.o.j.JpaBaseConfiguration$JpaWebConfiguration$JpaWebMvcConfiguration - spring.jpa.open-in-view is enabled by default. Therefore, database queries may be performed during view rendering. Explicitly configure spring.jpa.open-in-view to disable this warning
16:52:45.981 [main] INFO  o.s.b.a.e.web.EndpointLinksResolver - Exposing 15 endpoint(s) beneath base path '/actuator'
16:52:46.035 [main] INFO  o.a.coyote.http11.Http11NioProtocol - Starting ProtocolHandler ["http-nio-8080"]
16:52:46.061 [main] INFO  o.s.b.w.e.tomcat.TomcatWebServer - Tomcat started on port(s): 8080 (http) with context path ''
16:52:46.063 [main] INFO  com.DemoApplication - Started DemoApplication in 6.497 seconds (JVM running for 7.564)
16:52:46.753 [RMI TCP Connection(3)-192.168.183.1] INFO  o.a.c.c.C.[Tomcat].[localhost].[/] - Initializing Spring DispatcherServlet 'dispatcherServlet'
16:52:46.753 [RMI TCP Connection(3)-192.168.183.1] INFO  o.s.web.servlet.DispatcherServlet - Initializing Servlet 'dispatcherServlet'
16:52:46.789 [RMI TCP Connection(3)-192.168.183.1] INFO  o.s.web.servlet.DispatcherServlet - Completed initialization in 35 ms
16:53:41.947 [http-nio-8080-exec-2] INFO  o.h.h.i.QueryTranslatorFactoryInitiator - HHH000397: Using ASTQueryTranslatorFactory
16:53:45.945 [http-nio-8080-exec-4] INFO  o.h.h.i.QueryTranslatorFactoryInitiator - HHH000397: Using ASTQueryTranslatorFactory
16:56:36.437 [main] INFO  com.DemoApplication - Starting DemoApplication on DESKTOP-UMNURL0 with PID 18192 (C:\Users\zzj\Desktop\spring_boot_example\target\classes started by zzj in C:\Users\zzj\Desktop\spring_boot_example)
16:56:36.442 [main] INFO  com.DemoApplication - No active profile set, falling back to default profiles: default
16:56:38.104 [main] INFO  o.s.d.r.c.RepositoryConfigurationDelegate - Bootstrapping Spring Data repositories in DEFAULT mode.
16:56:38.159 [main] INFO  o.s.d.r.c.RepositoryConfigurationDelegate - Finished Spring Data repository scanning in 48ms. Found 2 repository interfaces.
16:56:38.160 [main] INFO  o.s.d.r.c.RepositoryConfigurationDelegate - Bootstrapping Spring Data repositories in DEFAULT mode.
16:56:38.167 [main] INFO  o.s.d.r.c.RepositoryConfigurationDelegate - Finished Spring Data repository scanning in 7ms. Found 1 repository interfaces.
16:56:38.722 [main] INFO  o.s.c.s.PostProcessorRegistrationDelegate$BeanPostProcessorChecker - Bean 'org.springframework.transaction.annotation.ProxyTransactionManagementConfiguration' of type [org.springframework.transaction.annotation.ProxyTransactionManagementConfiguration$$EnhancerBySpringCGLIB$$a5497800] is not eligible for getting processed by all BeanPostProcessors (for example: not eligible for auto-proxying)
16:56:39.058 [main] INFO  o.s.b.w.e.tomcat.TomcatWebServer - Tomcat initialized with port(s): 8080 (http)
16:56:39.073 [main] INFO  o.a.coyote.http11.Http11NioProtocol - Initializing ProtocolHandler ["http-nio-8080"]
16:56:39.081 [main] INFO  o.a.catalina.core.StandardService - Starting service [Tomcat]
16:56:39.081 [main] INFO  o.a.catalina.core.StandardEngine - Starting Servlet engine: [Apache Tomcat/9.0.17]
16:56:39.199 [main] INFO  o.a.c.c.C.[Tomcat].[localhost].[/] - Initializing Spring embedded WebApplicationContext
16:56:39.199 [main] INFO  o.s.web.context.ContextLoader - Root WebApplicationContext: initialization completed in 2705 ms
16:56:39.688 [main] INFO  com.zaxxer.hikari.HikariDataSource - HikariPool-1 - Starting...
16:56:39.785 [main] INFO  com.zaxxer.hikari.HikariDataSource - HikariPool-1 - Start completed.
16:56:39.799 [main] INFO  com.datasource.GymDataSourceConfig - key:hibernate.show_sql ##### valuetrue
16:56:39.800 [main] INFO  com.datasource.GymDataSourceConfig - key:hibernate.hbm2ddl.auto ##### valueupdate
16:56:39.800 [main] INFO  com.datasource.GymDataSourceConfig - gymmmmmnull
16:56:39.829 [main] INFO  o.h.jpa.internal.util.LogHelper - HHH000204: Processing PersistenceUnitInfo [
	name: GymPersistenceUnit
	...]
16:56:39.921 [main] INFO  org.hibernate.Version - HHH000412: Hibernate Core {5.3.9.Final}
16:56:39.923 [main] INFO  org.hibernate.cfg.Environment - HHH000206: hibernate.properties not found
16:56:40.040 [main] INFO  o.h.annotations.common.Version - HCANN000001: Hibernate Commons Annotations {5.0.4.Final}
16:56:40.161 [main] INFO  com.zaxxer.hikari.HikariDataSource - HikariPool-2 - Starting...
16:56:40.167 [main] INFO  com.zaxxer.hikari.HikariDataSource - HikariPool-2 - Start completed.
16:56:40.175 [main] INFO  org.hibernate.dialect.Dialect - HHH000400: Using dialect: org.hibernate.dialect.MySQL5Dialect
16:56:41.143 [main] INFO  o.s.o.j.LocalContainerEntityManagerFactoryBean - Initialized JPA EntityManagerFactory for persistence unit 'GymPersistenceUnit'
16:56:41.180 [main] INFO  com.datasource.UserDataSourceConfig - key:hibernate.show_sql ##### valuetrue
16:56:41.180 [main] INFO  com.datasource.UserDataSourceConfig - key:hibernate.hbm2ddl.auto ##### valueupdate
16:56:41.180 [main] INFO  com.datasource.UserDataSourceConfig - userrrrrrrrrrrrrrrnull
16:56:41.182 [main] INFO  o.h.jpa.internal.util.LogHelper - HHH000204: Processing PersistenceUnitInfo [
	name: UserPersistenceUnit
	...]
16:56:41.199 [main] INFO  org.hibernate.dialect.Dialect - HHH000400: Using dialect: org.hibernate.dialect.MySQL5Dialect
16:56:41.227 [main] INFO  o.s.o.j.LocalContainerEntityManagerFactoryBean - Initialized JPA EntityManagerFactory for persistence unit 'UserPersistenceUnit'
16:56:41.786 [main] INFO  o.s.s.c.ThreadPoolTaskExecutor - Initializing ExecutorService 'applicationTaskExecutor'
16:56:41.821 [main] WARN  o.s.b.a.o.j.JpaBaseConfiguration$JpaWebConfiguration$JpaWebMvcConfiguration - spring.jpa.open-in-view is enabled by default. Therefore, database queries may be performed during view rendering. Explicitly configure spring.jpa.open-in-view to disable this warning
16:56:42.126 [main] INFO  o.s.b.a.e.web.EndpointLinksResolver - Exposing 15 endpoint(s) beneath base path '/actuator'
16:56:42.192 [main] INFO  o.a.coyote.http11.Http11NioProtocol - Starting ProtocolHandler ["http-nio-8080"]
16:56:42.221 [main] INFO  o.s.b.w.e.tomcat.TomcatWebServer - Tomcat started on port(s): 8080 (http) with context path ''
16:56:42.223 [main] INFO  com.DemoApplication - Started DemoApplication in 6.324 seconds (JVM running for 7.412)
16:56:42.789 [RMI TCP Connection(2)-192.168.183.1] INFO  o.a.c.c.C.[Tomcat].[localhost].[/] - Initializing Spring DispatcherServlet 'dispatcherServlet'
16:56:42.789 [RMI TCP Connection(2)-192.168.183.1] INFO  o.s.web.servlet.DispatcherServlet - Initializing Servlet 'dispatcherServlet'
16:56:42.806 [RMI TCP Connection(2)-192.168.183.1] INFO  o.s.web.servlet.DispatcherServlet - Completed initialization in 16 ms
16:57:10.928 [http-nio-8080-exec-7] INFO  o.h.h.i.QueryTranslatorFactoryInitiator - HHH000397: Using ASTQueryTranslatorFactory
16:57:22.269 [http-nio-8080-exec-9] INFO  o.h.h.i.QueryTranslatorFactoryInitiator - HHH000397: Using ASTQueryTranslatorFactory
17:00:47.288 [main] INFO  com.DemoApplication - Starting DemoApplication on DESKTOP-UMNURL0 with PID 14232 (C:\Users\zzj\Desktop\spring_boot_example\target\classes started by zzj in C:\Users\zzj\Desktop\spring_boot_example)
17:00:47.291 [main] INFO  com.DemoApplication - No active profile set, falling back to default profiles: default
17:00:49.022 [main] INFO  o.s.d.r.c.RepositoryConfigurationDelegate - Bootstrapping Spring Data repositories in DEFAULT mode.
17:00:49.078 [main] INFO  o.s.d.r.c.RepositoryConfigurationDelegate - Finished Spring Data repository scanning in 48ms. Found 2 repository interfaces.
17:00:49.079 [main] INFO  o.s.d.r.c.RepositoryConfigurationDelegate - Bootstrapping Spring Data repositories in DEFAULT mode.
17:00:49.085 [main] INFO  o.s.d.r.c.RepositoryConfigurationDelegate - Finished Spring Data repository scanning in 6ms. Found 1 repository interfaces.
17:00:49.670 [main] INFO  o.s.c.s.PostProcessorRegistrationDelegate$BeanPostProcessorChecker - Bean 'org.springframework.transaction.annotation.ProxyTransactionManagementConfiguration' of type [org.springframework.transaction.annotation.ProxyTransactionManagementConfiguration$$EnhancerBySpringCGLIB$$15deeed8] is not eligible for getting processed by all BeanPostProcessors (for example: not eligible for auto-proxying)
17:00:50.029 [main] INFO  o.s.b.w.e.tomcat.TomcatWebServer - Tomcat initialized with port(s): 8080 (http)
17:00:50.052 [main] INFO  o.a.coyote.http11.Http11NioProtocol - Initializing ProtocolHandler ["http-nio-8080"]
17:00:50.063 [main] INFO  o.a.catalina.core.StandardService - Starting service [Tomcat]
17:00:50.063 [main] INFO  o.a.catalina.core.StandardEngine - Starting Servlet engine: [Apache Tomcat/9.0.17]
17:00:50.189 [main] INFO  o.a.c.c.C.[Tomcat].[localhost].[/] - Initializing Spring embedded WebApplicationContext
17:00:50.190 [main] INFO  o.s.web.context.ContextLoader - Root WebApplicationContext: initialization completed in 2844 ms
17:00:50.808 [main] INFO  com.zaxxer.hikari.HikariDataSource - HikariPool-1 - Starting...
17:00:50.918 [main] INFO  com.zaxxer.hikari.HikariDataSource - HikariPool-1 - Start completed.
17:00:50.934 [main] INFO  com.datasource.GymDataSourceConfig - key:hibernate.show_sql ##### valuetrue
17:00:50.935 [main] INFO  com.datasource.GymDataSourceConfig - key:hibernate.hbm2ddl.auto ##### valueupdate
17:00:50.935 [main] INFO  com.datasource.GymDataSourceConfig - gymmmmmnull
17:00:50.970 [main] INFO  o.h.jpa.internal.util.LogHelper - HHH000204: Processing PersistenceUnitInfo [
	name: GymPersistenceUnit
	...]
17:00:51.091 [main] INFO  org.hibernate.Version - HHH000412: Hibernate Core {5.3.9.Final}
17:00:51.093 [main] INFO  org.hibernate.cfg.Environment - HHH000206: hibernate.properties not found
17:00:51.234 [main] INFO  o.h.annotations.common.Version - HCANN000001: Hibernate Commons Annotations {5.0.4.Final}
17:00:51.377 [main] INFO  com.zaxxer.hikari.HikariDataSource - HikariPool-2 - Starting...
17:00:51.382 [main] INFO  com.zaxxer.hikari.HikariDataSource - HikariPool-2 - Start completed.
17:00:51.393 [main] INFO  org.hibernate.dialect.Dialect - HHH000400: Using dialect: org.hibernate.dialect.MySQL5Dialect
17:00:52.431 [main] INFO  o.s.o.j.LocalContainerEntityManagerFactoryBean - Initialized JPA EntityManagerFactory for persistence unit 'GymPersistenceUnit'
17:00:52.467 [main] INFO  com.datasource.UserDataSourceConfig - key:hibernate.show_sql ##### valuetrue
17:00:52.468 [main] INFO  com.datasource.UserDataSourceConfig - key:hibernate.hbm2ddl.auto ##### valueupdate
17:00:52.468 [main] INFO  com.datasource.UserDataSourceConfig - userrrrrrrrrrrrrrrnull
17:00:52.469 [main] INFO  o.h.jpa.internal.util.LogHelper - HHH000204: Processing PersistenceUnitInfo [
	name: UserPersistenceUnit
	...]
17:00:52.488 [main] INFO  org.hibernate.dialect.Dialect - HHH000400: Using dialect: org.hibernate.dialect.MySQL5Dialect
17:00:52.521 [main] INFO  o.s.o.j.LocalContainerEntityManagerFactoryBean - Initialized JPA EntityManagerFactory for persistence unit 'UserPersistenceUnit'
17:00:53.145 [main] INFO  o.s.s.c.ThreadPoolTaskExecutor - Initializing ExecutorService 'applicationTaskExecutor'
17:00:53.179 [main] WARN  o.s.b.a.o.j.JpaBaseConfiguration$JpaWebConfiguration$JpaWebMvcConfiguration - spring.jpa.open-in-view is enabled by default. Therefore, database queries may be performed during view rendering. Explicitly configure spring.jpa.open-in-view to disable this warning
17:00:53.478 [main] INFO  o.s.b.a.e.web.EndpointLinksResolver - Exposing 15 endpoint(s) beneath base path '/actuator'
17:00:53.532 [main] INFO  o.a.coyote.http11.Http11NioProtocol - Starting ProtocolHandler ["http-nio-8080"]
17:00:53.557 [main] INFO  o.s.b.w.e.tomcat.TomcatWebServer - Tomcat started on port(s): 8080 (http) with context path ''
17:00:53.558 [main] INFO  com.DemoApplication - Started DemoApplication in 6.819 seconds (JVM running for 7.972)
17:00:54.347 [RMI TCP Connection(5)-192.168.183.1] INFO  o.a.c.c.C.[Tomcat].[localhost].[/] - Initializing Spring DispatcherServlet 'dispatcherServlet'
17:00:54.348 [RMI TCP Connection(5)-192.168.183.1] INFO  o.s.web.servlet.DispatcherServlet - Initializing Servlet 'dispatcherServlet'
17:00:54.365 [RMI TCP Connection(5)-192.168.183.1] INFO  o.s.web.servlet.DispatcherServlet - Completed initialization in 17 ms
17:03:28.700 [http-nio-8080-exec-8] INFO  o.h.h.i.QueryTranslatorFactoryInitiator - HHH000397: Using ASTQueryTranslatorFactory
17:03:42.156 [http-nio-8080-exec-9] INFO  o.h.h.i.QueryTranslatorFactoryInitiator - HHH000397: Using ASTQueryTranslatorFactory
17:03:42.201 [http-nio-8080-exec-9] ERROR o.a.c.c.C.[.[.[.[dispatcherServlet] - Servlet.service() for servlet [dispatcherServlet] in context with path [] threw exception [Request processing failed; nested exception is java.lang.IllegalStateException: No cache could be resolved for 'Builder[public java.util.List com.service.TrainerService.query(java.lang.Object)] caches=[] | key='' | keyGenerator='' | cacheManager='' | cacheResolver='' | condition='' | unless='' | sync='false'' using resolver 'org.springframework.cache.interceptor.SimpleCacheResolver@29a8bb4c'. At least one cache should be provided per cache operation.] with root cause
java.lang.IllegalStateException: No cache could be resolved for 'Builder[public java.util.List com.service.TrainerService.query(java.lang.Object)] caches=[] | key='' | keyGenerator='' | cacheManager='' | cacheResolver='' | condition='' | unless='' | sync='false'' using resolver 'org.springframework.cache.interceptor.SimpleCacheResolver@29a8bb4c'. At least one cache should be provided per cache operation.
	at org.springframework.cache.interceptor.CacheAspectSupport.getCaches(CacheAspectSupport.java:255)
	at org.springframework.cache.interceptor.CacheAspectSupport$CacheOperationContext.<init>(CacheAspectSupport.java:707)
	at org.springframework.cache.interceptor.CacheAspectSupport.getOperationContext(CacheAspectSupport.java:265)
	at org.springframework.cache.interceptor.CacheAspectSupport$CacheOperationContexts.<init>(CacheAspectSupport.java:598)
	at org.springframework.cache.interceptor.CacheAspectSupport.execute(CacheAspectSupport.java:345)
	at org.springframework.cache.interceptor.CacheInterceptor.invoke(CacheInterceptor.java:61)
	at org.springframework.aop.framework.ReflectiveMethodInvocation.proceed(ReflectiveMethodInvocation.java:186)
	at org.springframework.aop.framework.CglibAopProxy$DynamicAdvisedInterceptor.intercept(CglibAopProxy.java:688)
	at com.service.TrainerService$$EnhancerBySpringCGLIB$$b3c3cf23.query(<generated>)
	at com.controller.Searchcontroller.gogogo(Searchcontroller.java:84)
	at sun.reflect.NativeMethodAccessorImpl.invoke0(Native Method)
	at sun.reflect.NativeMethodAccessorImpl.invoke(NativeMethodAccessorImpl.java:62)
	at sun.reflect.DelegatingMethodAccessorImpl.invoke(DelegatingMethodAccessorImpl.java:43)
	at java.lang.reflect.Method.invoke(Method.java:498)
	at org.springframework.web.method.support.InvocableHandlerMethod.doInvoke(InvocableHandlerMethod.java:189)
	at org.springframework.web.method.support.InvocableHandlerMethod.invokeForRequest(InvocableHandlerMethod.java:138)
	at org.springframework.web.servlet.mvc.method.annotation.ServletInvocableHandlerMethod.invokeAndHandle(ServletInvocableHandlerMethod.java:102)
	at org.springframework.web.servlet.mvc.method.annotation.RequestMappingHandlerAdapter.invokeHandlerMethod(RequestMappingHandlerAdapter.java:892)
	at org.springframework.web.servlet.mvc.method.annotation.RequestMappingHandlerAdapter.handleInternal(RequestMappingHandlerAdapter.java:797)
	at org.springframework.web.servlet.mvc.method.AbstractHandlerMethodAdapter.handle(AbstractHandlerMethodAdapter.java:87)
	at org.springframework.web.servlet.DispatcherServlet.doDispatch(DispatcherServlet.java:1038)
	at org.springframework.web.servlet.DispatcherServlet.doService(DispatcherServlet.java:942)
	at org.springframework.web.servlet.FrameworkServlet.processRequest(FrameworkServlet.java:1005)
	at org.springframework.web.servlet.FrameworkServlet.doPost(FrameworkServlet.java:908)
	at javax.servlet.http.HttpServlet.service(HttpServlet.java:660)
	at org.springframework.web.servlet.FrameworkServlet.service(FrameworkServlet.java:882)
	at javax.servlet.http.HttpServlet.service(HttpServlet.java:741)
	at org.apache.catalina.core.ApplicationFilterChain.internalDoFilter(ApplicationFilterChain.java:231)
	at org.apache.catalina.core.ApplicationFilterChain.doFilter(ApplicationFilterChain.java:166)
	at org.apache.tomcat.websocket.server.WsFilter.doFilter(WsFilter.java:53)
	at org.apache.catalina.core.ApplicationFilterChain.internalDoFilter(ApplicationFilterChain.java:193)
	at org.apache.catalina.core.ApplicationFilterChain.doFilter(ApplicationFilterChain.java:166)
	at org.springframework.boot.actuate.web.trace.servlet.HttpTraceFilter.doFilterInternal(HttpTraceFilter.java:90)
	at org.springframework.web.filter.OncePerRequestFilter.doFilter(OncePerRequestFilter.java:107)
	at org.apache.catalina.core.ApplicationFilterChain.internalDoFilter(ApplicationFilterChain.java:193)
	at org.apache.catalina.core.ApplicationFilterChain.doFilter(ApplicationFilterChain.java:166)
	at org.springframework.web.filter.RequestContextFilter.doFilterInternal(RequestContextFilter.java:99)
	at org.springframework.web.filter.OncePerRequestFilter.doFilter(OncePerRequestFilter.java:107)
	at org.apache.catalina.core.ApplicationFilterChain.internalDoFilter(ApplicationFilterChain.java:193)
	at org.apache.catalina.core.ApplicationFilterChain.doFilter(ApplicationFilterChain.java:166)
	at org.springframework.web.filter.FormContentFilter.doFilterInternal(FormContentFilter.java:92)
	at org.springframework.web.filter.OncePerRequestFilter.doFilter(OncePerRequestFilter.java:107)
	at org.apache.catalina.core.ApplicationFilterChain.internalDoFilter(ApplicationFilterChain.java:193)
	at org.apache.catalina.core.ApplicationFilterChain.doFilter(ApplicationFilterChain.java:166)
	at org.springframework.web.filter.HiddenHttpMethodFilter.doFilterInternal(HiddenHttpMethodFilter.java:93)
	at org.springframework.web.filter.OncePerRequestFilter.doFilter(OncePerRequestFilter.java:107)
	at org.apache.catalina.core.ApplicationFilterChain.internalDoFilter(ApplicationFilterChain.java:193)
	at org.apache.catalina.core.ApplicationFilterChain.doFilter(ApplicationFilterChain.java:166)
	at org.springframework.boot.actuate.metrics.web.servlet.WebMvcMetricsFilter.filterAndRecordMetrics(WebMvcMetricsFilter.java:117)
	at org.springframework.boot.actuate.metrics.web.servlet.WebMvcMetricsFilter.doFilterInternal(WebMvcMetricsFilter.java:106)
	at org.springframework.web.filter.OncePerRequestFilter.doFilter(OncePerRequestFilter.java:107)
	at org.apache.catalina.core.ApplicationFilterChain.internalDoFilter(ApplicationFilterChain.java:193)
	at org.apache.catalina.core.ApplicationFilterChain.doFilter(ApplicationFilterChain.java:166)
	at org.springframework.web.filter.CharacterEncodingFilter.doFilterInternal(CharacterEncodingFilter.java:200)
	at org.springframework.web.filter.OncePerRequestFilter.doFilter(OncePerRequestFilter.java:107)
	at org.apache.catalina.core.ApplicationFilterChain.internalDoFilter(ApplicationFilterChain.java:193)
	at org.apache.catalina.core.ApplicationFilterChain.doFilter(ApplicationFilterChain.java:166)
	at org.apache.catalina.core.StandardWrapperValve.invoke(StandardWrapperValve.java:200)
	at org.apache.catalina.core.StandardContextValve.invoke(StandardContextValve.java:96)
	at org.apache.catalina.authenticator.AuthenticatorBase.invoke(AuthenticatorBase.java:490)
	at org.apache.catalina.core.StandardHostValve.invoke(StandardHostValve.java:139)
	at org.apache.catalina.valves.ErrorReportValve.invoke(ErrorReportValve.java:92)
	at org.apache.catalina.core.StandardEngineValve.invoke(StandardEngineValve.java:74)
	at org.apache.catalina.connector.CoyoteAdapter.service(CoyoteAdapter.java:343)
	at org.apache.coyote.http11.Http11Processor.service(Http11Processor.java:408)
	at org.apache.coyote.AbstractProcessorLight.process(AbstractProcessorLight.java:66)
	at org.apache.coyote.AbstractProtocol$ConnectionHandler.process(AbstractProtocol.java:834)
	at org.apache.tomcat.util.net.NioEndpoint$SocketProcessor.doRun(NioEndpoint.java:1415)
	at org.apache.tomcat.util.net.SocketProcessorBase.run(SocketProcessorBase.java:49)
	at java.util.concurrent.ThreadPoolExecutor.runWorker(ThreadPoolExecutor.java:1149)
	at java.util.concurrent.ThreadPoolExecutor$Worker.run(ThreadPoolExecutor.java:624)
	at org.apache.tomcat.util.threads.TaskThread$WrappingRunnable.run(TaskThread.java:61)
	at java.lang.Thread.run(Thread.java:748)
17:04:02.642 [http-nio-8080-exec-10] ERROR o.a.c.c.C.[.[.[.[dispatcherServlet] - Servlet.service() for servlet [dispatcherServlet] in context with path [] threw exception [Request processing failed; nested exception is java.lang.IllegalStateException: No cache could be resolved for 'Builder[public java.util.List com.service.TrainerService.query(java.lang.Object)] caches=[] | key='' | keyGenerator='' | cacheManager='' | cacheResolver='' | condition='' | unless='' | sync='false'' using resolver 'org.springframework.cache.interceptor.SimpleCacheResolver@29a8bb4c'. At least one cache should be provided per cache operation.] with root cause
java.lang.IllegalStateException: No cache could be resolved for 'Builder[public java.util.List com.service.TrainerService.query(java.lang.Object)] caches=[] | key='' | keyGenerator='' | cacheManager='' | cacheResolver='' | condition='' | unless='' | sync='false'' using resolver 'org.springframework.cache.interceptor.SimpleCacheResolver@29a8bb4c'. At least one cache should be provided per cache operation.
	at org.springframework.cache.interceptor.CacheAspectSupport.getCaches(CacheAspectSupport.java:255)
	at org.springframework.cache.interceptor.CacheAspectSupport$CacheOperationContext.<init>(CacheAspectSupport.java:707)
	at org.springframework.cache.interceptor.CacheAspectSupport.getOperationContext(CacheAspectSupport.java:265)
	at org.springframework.cache.interceptor.CacheAspectSupport$CacheOperationContexts.<init>(CacheAspectSupport.java:598)
	at org.springframework.cache.interceptor.CacheAspectSupport.execute(CacheAspectSupport.java:345)
	at org.springframework.cache.interceptor.CacheInterceptor.invoke(CacheInterceptor.java:61)
	at org.springframework.aop.framework.ReflectiveMethodInvocation.proceed(ReflectiveMethodInvocation.java:186)
	at org.springframework.aop.framework.CglibAopProxy$DynamicAdvisedInterceptor.intercept(CglibAopProxy.java:688)
	at com.service.TrainerService$$EnhancerBySpringCGLIB$$b3c3cf23.query(<generated>)
	at com.controller.Searchcontroller.gogogo(Searchcontroller.java:84)
	at sun.reflect.NativeMethodAccessorImpl.invoke0(Native Method)
	at sun.reflect.NativeMethodAccessorImpl.invoke(NativeMethodAccessorImpl.java:62)
	at sun.reflect.DelegatingMethodAccessorImpl.invoke(DelegatingMethodAccessorImpl.java:43)
	at java.lang.reflect.Method.invoke(Method.java:498)
	at org.springframework.web.method.support.InvocableHandlerMethod.doInvoke(InvocableHandlerMethod.java:189)
	at org.springframework.web.method.support.InvocableHandlerMethod.invokeForRequest(InvocableHandlerMethod.java:138)
	at org.springframework.web.servlet.mvc.method.annotation.ServletInvocableHandlerMethod.invokeAndHandle(ServletInvocableHandlerMethod.java:102)
	at org.springframework.web.servlet.mvc.method.annotation.RequestMappingHandlerAdapter.invokeHandlerMethod(RequestMappingHandlerAdapter.java:892)
	at org.springframework.web.servlet.mvc.method.annotation.RequestMappingHandlerAdapter.handleInternal(RequestMappingHandlerAdapter.java:797)
	at org.springframework.web.servlet.mvc.method.AbstractHandlerMethodAdapter.handle(AbstractHandlerMethodAdapter.java:87)
	at org.springframework.web.servlet.DispatcherServlet.doDispatch(DispatcherServlet.java:1038)
	at org.springframework.web.servlet.DispatcherServlet.doService(DispatcherServlet.java:942)
	at org.springframework.web.servlet.FrameworkServlet.processRequest(FrameworkServlet.java:1005)
	at org.springframework.web.servlet.FrameworkServlet.doPost(FrameworkServlet.java:908)
	at javax.servlet.http.HttpServlet.service(HttpServlet.java:660)
	at org.springframework.web.servlet.FrameworkServlet.service(FrameworkServlet.java:882)
	at javax.servlet.http.HttpServlet.service(HttpServlet.java:741)
	at org.apache.catalina.core.ApplicationFilterChain.internalDoFilter(ApplicationFilterChain.java:231)
	at org.apache.catalina.core.ApplicationFilterChain.doFilter(ApplicationFilterChain.java:166)
	at org.apache.tomcat.websocket.server.WsFilter.doFilter(WsFilter.java:53)
	at org.apache.catalina.core.ApplicationFilterChain.internalDoFilter(ApplicationFilterChain.java:193)
	at org.apache.catalina.core.ApplicationFilterChain.doFilter(ApplicationFilterChain.java:166)
	at org.springframework.boot.actuate.web.trace.servlet.HttpTraceFilter.doFilterInternal(HttpTraceFilter.java:90)
	at org.springframework.web.filter.OncePerRequestFilter.doFilter(OncePerRequestFilter.java:107)
	at org.apache.catalina.core.ApplicationFilterChain.internalDoFilter(ApplicationFilterChain.java:193)
	at org.apache.catalina.core.ApplicationFilterChain.doFilter(ApplicationFilterChain.java:166)
	at org.springframework.web.filter.RequestContextFilter.doFilterInternal(RequestContextFilter.java:99)
	at org.springframework.web.filter.OncePerRequestFilter.doFilter(OncePerRequestFilter.java:107)
	at org.apache.catalina.core.ApplicationFilterChain.internalDoFilter(ApplicationFilterChain.java:193)
	at org.apache.catalina.core.ApplicationFilterChain.doFilter(ApplicationFilterChain.java:166)
	at org.springframework.web.filter.FormContentFilter.doFilterInternal(FormContentFilter.java:92)
	at org.springframework.web.filter.OncePerRequestFilter.doFilter(OncePerRequestFilter.java:107)
	at org.apache.catalina.core.ApplicationFilterChain.internalDoFilter(ApplicationFilterChain.java:193)
	at org.apache.catalina.core.ApplicationFilterChain.doFilter(ApplicationFilterChain.java:166)
	at org.springframework.web.filter.HiddenHttpMethodFilter.doFilterInternal(HiddenHttpMethodFilter.java:93)
	at org.springframework.web.filter.OncePerRequestFilter.doFilter(OncePerRequestFilter.java:107)
	at org.apache.catalina.core.ApplicationFilterChain.internalDoFilter(ApplicationFilterChain.java:193)
	at org.apache.catalina.core.ApplicationFilterChain.doFilter(ApplicationFilterChain.java:166)
	at org.springframework.boot.actuate.metrics.web.servlet.WebMvcMetricsFilter.filterAndRecordMetrics(WebMvcMetricsFilter.java:117)
	at org.springframework.boot.actuate.metrics.web.servlet.WebMvcMetricsFilter.doFilterInternal(WebMvcMetricsFilter.java:106)
	at org.springframework.web.filter.OncePerRequestFilter.doFilter(OncePerRequestFilter.java:107)
	at org.apache.catalina.core.ApplicationFilterChain.internalDoFilter(ApplicationFilterChain.java:193)
	at org.apache.catalina.core.ApplicationFilterChain.doFilter(ApplicationFilterChain.java:166)
	at org.springframework.web.filter.CharacterEncodingFilter.doFilterInternal(CharacterEncodingFilter.java:200)
	at org.springframework.web.filter.OncePerRequestFilter.doFilter(OncePerRequestFilter.java:107)
	at org.apache.catalina.core.ApplicationFilterChain.internalDoFilter(ApplicationFilterChain.java:193)
	at org.apache.catalina.core.ApplicationFilterChain.doFilter(ApplicationFilterChain.java:166)
	at org.apache.catalina.core.StandardWrapperValve.invoke(StandardWrapperValve.java:200)
	at org.apache.catalina.core.StandardContextValve.invoke(StandardContextValve.java:96)
	at org.apache.catalina.authenticator.AuthenticatorBase.invoke(AuthenticatorBase.java:490)
	at org.apache.catalina.core.StandardHostValve.invoke(StandardHostValve.java:139)
	at org.apache.catalina.valves.ErrorReportValve.invoke(ErrorReportValve.java:92)
	at org.apache.catalina.core.StandardEngineValve.invoke(StandardEngineValve.java:74)
	at org.apache.catalina.connector.CoyoteAdapter.service(CoyoteAdapter.java:343)
	at org.apache.coyote.http11.Http11Processor.service(Http11Processor.java:408)
	at org.apache.coyote.AbstractProcessorLight.process(AbstractProcessorLight.java:66)
	at org.apache.coyote.AbstractProtocol$ConnectionHandler.process(AbstractProtocol.java:834)
	at org.apache.tomcat.util.net.NioEndpoint$SocketProcessor.doRun(NioEndpoint.java:1415)
	at org.apache.tomcat.util.net.SocketProcessorBase.run(SocketProcessorBase.java:49)
	at java.util.concurrent.ThreadPoolExecutor.runWorker(ThreadPoolExecutor.java:1149)
	at java.util.concurrent.ThreadPoolExecutor$Worker.run(ThreadPoolExecutor.java:624)
	at org.apache.tomcat.util.threads.TaskThread$WrappingRunnable.run(TaskThread.java:61)
	at java.lang.Thread.run(Thread.java:748)
17:06:21.258 [http-nio-8080-exec-9] ERROR o.a.c.c.C.[.[.[.[dispatcherServlet] - Servlet.service() for servlet [dispatcherServlet] in context with path [] threw exception [Request processing failed; nested exception is java.lang.IllegalStateException: No cache could be resolved for 'Builder[public java.util.List com.service.TrainerService.query(java.lang.Object)] caches=[] | key='' | keyGenerator='' | cacheManager='' | cacheResolver='' | condition='' | unless='' | sync='false'' using resolver 'org.springframework.cache.interceptor.SimpleCacheResolver@29a8bb4c'. At least one cache should be provided per cache operation.] with root cause
java.lang.IllegalStateException: No cache could be resolved for 'Builder[public java.util.List com.service.TrainerService.query(java.lang.Object)] caches=[] | key='' | keyGenerator='' | cacheManager='' | cacheResolver='' | condition='' | unless='' | sync='false'' using resolver 'org.springframework.cache.interceptor.SimpleCacheResolver@29a8bb4c'. At least one cache should be provided per cache operation.
	at org.springframework.cache.interceptor.CacheAspectSupport.getCaches(CacheAspectSupport.java:255)
	at org.springframework.cache.interceptor.CacheAspectSupport$CacheOperationContext.<init>(CacheAspectSupport.java:707)
	at org.springframework.cache.interceptor.CacheAspectSupport.getOperationContext(CacheAspectSupport.java:265)
	at org.springframework.cache.interceptor.CacheAspectSupport$CacheOperationContexts.<init>(CacheAspectSupport.java:598)
	at org.springframework.cache.interceptor.CacheAspectSupport.execute(CacheAspectSupport.java:345)
	at org.springframework.cache.interceptor.CacheInterceptor.invoke(CacheInterceptor.java:61)
	at org.springframework.aop.framework.ReflectiveMethodInvocation.proceed(ReflectiveMethodInvocation.java:186)
	at org.springframework.aop.framework.CglibAopProxy$DynamicAdvisedInterceptor.intercept(CglibAopProxy.java:688)
	at com.service.TrainerService$$EnhancerBySpringCGLIB$$b3c3cf23.query(<generated>)
	at com.controller.Searchcontroller.gogogo(Searchcontroller.java:84)
	at sun.reflect.NativeMethodAccessorImpl.invoke0(Native Method)
	at sun.reflect.NativeMethodAccessorImpl.invoke(NativeMethodAccessorImpl.java:62)
	at sun.reflect.DelegatingMethodAccessorImpl.invoke(DelegatingMethodAccessorImpl.java:43)
	at java.lang.reflect.Method.invoke(Method.java:498)
	at org.springframework.web.method.support.InvocableHandlerMethod.doInvoke(InvocableHandlerMethod.java:189)
	at org.springframework.web.method.support.InvocableHandlerMethod.invokeForRequest(InvocableHandlerMethod.java:138)
	at org.springframework.web.servlet.mvc.method.annotation.ServletInvocableHandlerMethod.invokeAndHandle(ServletInvocableHandlerMethod.java:102)
	at org.springframework.web.servlet.mvc.method.annotation.RequestMappingHandlerAdapter.invokeHandlerMethod(RequestMappingHandlerAdapter.java:892)
	at org.springframework.web.servlet.mvc.method.annotation.RequestMappingHandlerAdapter.handleInternal(RequestMappingHandlerAdapter.java:797)
	at org.springframework.web.servlet.mvc.method.AbstractHandlerMethodAdapter.handle(AbstractHandlerMethodAdapter.java:87)
	at org.springframework.web.servlet.DispatcherServlet.doDispatch(DispatcherServlet.java:1038)
	at org.springframework.web.servlet.DispatcherServlet.doService(DispatcherServlet.java:942)
	at org.springframework.web.servlet.FrameworkServlet.processRequest(FrameworkServlet.java:1005)
	at org.springframework.web.servlet.FrameworkServlet.doPost(FrameworkServlet.java:908)
	at javax.servlet.http.HttpServlet.service(HttpServlet.java:660)
	at org.springframework.web.servlet.FrameworkServlet.service(FrameworkServlet.java:882)
	at javax.servlet.http.HttpServlet.service(HttpServlet.java:741)
	at org.apache.catalina.core.ApplicationFilterChain.internalDoFilter(ApplicationFilterChain.java:231)
	at org.apache.catalina.core.ApplicationFilterChain.doFilter(ApplicationFilterChain.java:166)
	at org.apache.tomcat.websocket.server.WsFilter.doFilter(WsFilter.java:53)
	at org.apache.catalina.core.ApplicationFilterChain.internalDoFilter(ApplicationFilterChain.java:193)
	at org.apache.catalina.core.ApplicationFilterChain.doFilter(ApplicationFilterChain.java:166)
	at org.springframework.boot.actuate.web.trace.servlet.HttpTraceFilter.doFilterInternal(HttpTraceFilter.java:90)
	at org.springframework.web.filter.OncePerRequestFilter.doFilter(OncePerRequestFilter.java:107)
	at org.apache.catalina.core.ApplicationFilterChain.internalDoFilter(ApplicationFilterChain.java:193)
	at org.apache.catalina.core.ApplicationFilterChain.doFilter(ApplicationFilterChain.java:166)
	at org.springframework.web.filter.RequestContextFilter.doFilterInternal(RequestContextFilter.java:99)
	at org.springframework.web.filter.OncePerRequestFilter.doFilter(OncePerRequestFilter.java:107)
	at org.apache.catalina.core.ApplicationFilterChain.internalDoFilter(ApplicationFilterChain.java:193)
	at org.apache.catalina.core.ApplicationFilterChain.doFilter(ApplicationFilterChain.java:166)
	at org.springframework.web.filter.FormContentFilter.doFilterInternal(FormContentFilter.java:92)
	at org.springframework.web.filter.OncePerRequestFilter.doFilter(OncePerRequestFilter.java:107)
	at org.apache.catalina.core.ApplicationFilterChain.internalDoFilter(ApplicationFilterChain.java:193)
	at org.apache.catalina.core.ApplicationFilterChain.doFilter(ApplicationFilterChain.java:166)
	at org.springframework.web.filter.HiddenHttpMethodFilter.doFilterInternal(HiddenHttpMethodFilter.java:93)
	at org.springframework.web.filter.OncePerRequestFilter.doFilter(OncePerRequestFilter.java:107)
	at org.apache.catalina.core.ApplicationFilterChain.internalDoFilter(ApplicationFilterChain.java:193)
	at org.apache.catalina.core.ApplicationFilterChain.doFilter(ApplicationFilterChain.java:166)
	at org.springframework.boot.actuate.metrics.web.servlet.WebMvcMetricsFilter.filterAndRecordMetrics(WebMvcMetricsFilter.java:117)
	at org.springframework.boot.actuate.metrics.web.servlet.WebMvcMetricsFilter.doFilterInternal(WebMvcMetricsFilter.java:106)
	at org.springframework.web.filter.OncePerRequestFilter.doFilter(OncePerRequestFilter.java:107)
	at org.apache.catalina.core.ApplicationFilterChain.internalDoFilter(ApplicationFilterChain.java:193)
	at org.apache.catalina.core.ApplicationFilterChain.doFilter(ApplicationFilterChain.java:166)
	at org.springframework.web.filter.CharacterEncodingFilter.doFilterInternal(CharacterEncodingFilter.java:200)
	at org.springframework.web.filter.OncePerRequestFilter.doFilter(OncePerRequestFilter.java:107)
	at org.apache.catalina.core.ApplicationFilterChain.internalDoFilter(ApplicationFilterChain.java:193)
	at org.apache.catalina.core.ApplicationFilterChain.doFilter(ApplicationFilterChain.java:166)
	at org.apache.catalina.core.StandardWrapperValve.invoke(StandardWrapperValve.java:200)
	at org.apache.catalina.core.StandardContextValve.invoke(StandardContextValve.java:96)
	at org.apache.catalina.authenticator.AuthenticatorBase.invoke(AuthenticatorBase.java:490)
	at org.apache.catalina.core.StandardHostValve.invoke(StandardHostValve.java:139)
	at org.apache.catalina.valves.ErrorReportValve.invoke(ErrorReportValve.java:92)
	at org.apache.catalina.core.StandardEngineValve.invoke(StandardEngineValve.java:74)
	at org.apache.catalina.connector.CoyoteAdapter.service(CoyoteAdapter.java:343)
	at org.apache.coyote.http11.Http11Processor.service(Http11Processor.java:408)
	at org.apache.coyote.AbstractProcessorLight.process(AbstractProcessorLight.java:66)
	at org.apache.coyote.AbstractProtocol$ConnectionHandler.process(AbstractProtocol.java:834)
	at org.apache.tomcat.util.net.NioEndpoint$SocketProcessor.doRun(NioEndpoint.java:1415)
	at org.apache.tomcat.util.net.SocketProcessorBase.run(SocketProcessorBase.java:49)
	at java.util.concurrent.ThreadPoolExecutor.runWorker(ThreadPoolExecutor.java:1149)
	at java.util.concurrent.ThreadPoolExecutor$Worker.run(ThreadPoolExecutor.java:624)
	at org.apache.tomcat.util.threads.TaskThread$WrappingRunnable.run(TaskThread.java:61)
	at java.lang.Thread.run(Thread.java:748)
17:08:11.298 [main] INFO  com.DemoApplication - Starting DemoApplication on DESKTOP-UMNURL0 with PID 7484 (C:\Users\zzj\Desktop\spring_boot_example\target\classes started by zzj in C:\Users\zzj\Desktop\spring_boot_example)
17:08:11.301 [main] INFO  com.DemoApplication - No active profile set, falling back to default profiles: default
17:08:12.917 [main] INFO  o.s.d.r.c.RepositoryConfigurationDelegate - Bootstrapping Spring Data repositories in DEFAULT mode.
17:08:12.984 [main] INFO  o.s.d.r.c.RepositoryConfigurationDelegate - Finished Spring Data repository scanning in 57ms. Found 2 repository interfaces.
17:08:12.985 [main] INFO  o.s.d.r.c.RepositoryConfigurationDelegate - Bootstrapping Spring Data repositories in DEFAULT mode.
17:08:12.995 [main] INFO  o.s.d.r.c.RepositoryConfigurationDelegate - Finished Spring Data repository scanning in 10ms. Found 1 repository interfaces.
17:08:13.603 [main] INFO  o.s.c.s.PostProcessorRegistrationDelegate$BeanPostProcessorChecker - Bean 'org.springframework.transaction.annotation.ProxyTransactionManagementConfiguration' of type [org.springframework.transaction.annotation.ProxyTransactionManagementConfiguration$$EnhancerBySpringCGLIB$$fe3ffa94] is not eligible for getting processed by all BeanPostProcessors (for example: not eligible for auto-proxying)
17:08:13.921 [main] INFO  o.s.b.w.e.tomcat.TomcatWebServer - Tomcat initialized with port(s): 8080 (http)
17:08:13.937 [main] INFO  o.a.coyote.http11.Http11NioProtocol - Initializing ProtocolHandler ["http-nio-8080"]
17:08:13.947 [main] INFO  o.a.catalina.core.StandardService - Starting service [Tomcat]
17:08:13.947 [main] INFO  o.a.catalina.core.StandardEngine - Starting Servlet engine: [Apache Tomcat/9.0.17]
17:08:14.055 [main] INFO  o.a.c.c.C.[Tomcat].[localhost].[/] - Initializing Spring embedded WebApplicationContext
17:08:14.056 [main] INFO  o.s.web.context.ContextLoader - Root WebApplicationContext: initialization completed in 2702 ms
17:08:14.568 [main] INFO  com.zaxxer.hikari.HikariDataSource - HikariPool-1 - Starting...
17:08:14.665 [main] INFO  com.zaxxer.hikari.HikariDataSource - HikariPool-1 - Start completed.
17:08:14.679 [main] INFO  com.datasource.GymDataSourceConfig - key:hibernate.show_sql ##### valuetrue
17:08:14.680 [main] INFO  com.datasource.GymDataSourceConfig - key:hibernate.hbm2ddl.auto ##### valueupdate
17:08:14.680 [main] INFO  com.datasource.GymDataSourceConfig - gymmmmmnull
17:08:14.708 [main] INFO  o.h.jpa.internal.util.LogHelper - HHH000204: Processing PersistenceUnitInfo [
	name: GymPersistenceUnit
	...]
17:08:14.801 [main] INFO  org.hibernate.Version - HHH000412: Hibernate Core {5.3.9.Final}
17:08:14.802 [main] INFO  org.hibernate.cfg.Environment - HHH000206: hibernate.properties not found
17:08:14.951 [main] INFO  o.h.annotations.common.Version - HCANN000001: Hibernate Commons Annotations {5.0.4.Final}
17:08:15.111 [main] INFO  com.zaxxer.hikari.HikariDataSource - HikariPool-2 - Starting...
17:08:15.117 [main] INFO  com.zaxxer.hikari.HikariDataSource - HikariPool-2 - Start completed.
17:08:15.124 [main] INFO  org.hibernate.dialect.Dialect - HHH000400: Using dialect: org.hibernate.dialect.MySQL5Dialect
17:08:16.118 [main] INFO  o.s.o.j.LocalContainerEntityManagerFactoryBean - Initialized JPA EntityManagerFactory for persistence unit 'GymPersistenceUnit'
17:08:16.154 [main] INFO  com.datasource.UserDataSourceConfig - key:hibernate.show_sql ##### valuetrue
17:08:16.154 [main] INFO  com.datasource.UserDataSourceConfig - key:hibernate.hbm2ddl.auto ##### valueupdate
17:08:16.154 [main] INFO  com.datasource.UserDataSourceConfig - userrrrrrrrrrrrrrrnull
17:08:16.156 [main] INFO  o.h.jpa.internal.util.LogHelper - HHH000204: Processing PersistenceUnitInfo [
	name: UserPersistenceUnit
	...]
17:08:16.173 [main] INFO  org.hibernate.dialect.Dialect - HHH000400: Using dialect: org.hibernate.dialect.MySQL5Dialect
17:08:16.202 [main] INFO  o.s.o.j.LocalContainerEntityManagerFactoryBean - Initialized JPA EntityManagerFactory for persistence unit 'UserPersistenceUnit'
17:08:16.877 [main] INFO  o.s.s.c.ThreadPoolTaskExecutor - Initializing ExecutorService 'applicationTaskExecutor'
17:08:17.135 [main] WARN  o.s.b.a.o.j.JpaBaseConfiguration$JpaWebConfiguration$JpaWebMvcConfiguration - spring.jpa.open-in-view is enabled by default. Therefore, database queries may be performed during view rendering. Explicitly configure spring.jpa.open-in-view to disable this warning
17:08:17.514 [main] INFO  o.s.b.a.e.web.EndpointLinksResolver - Exposing 15 endpoint(s) beneath base path '/actuator'
17:08:17.731 [main] INFO  o.a.coyote.http11.Http11NioProtocol - Starting ProtocolHandler ["http-nio-8080"]
17:08:17.762 [main] INFO  o.s.b.w.e.tomcat.TomcatWebServer - Tomcat started on port(s): 8080 (http) with context path ''
17:08:17.764 [main] INFO  com.DemoApplication - Started DemoApplication in 6.974 seconds (JVM running for 8.091)
17:08:18.538 [RMI TCP Connection(4)-192.168.183.1] INFO  o.a.c.c.C.[Tomcat].[localhost].[/] - Initializing Spring DispatcherServlet 'dispatcherServlet'
17:08:18.538 [RMI TCP Connection(4)-192.168.183.1] INFO  o.s.web.servlet.DispatcherServlet - Initializing Servlet 'dispatcherServlet'
17:08:18.553 [RMI TCP Connection(4)-192.168.183.1] INFO  o.s.web.servlet.DispatcherServlet - Completed initialization in 15 ms
17:08:35.347 [main] INFO  com.DemoApplication - Starting DemoApplication on DESKTOP-UMNURL0 with PID 14416 (C:\Users\zzj\Desktop\spring_boot_example\target\classes started by zzj in C:\Users\zzj\Desktop\spring_boot_example)
17:08:35.352 [main] INFO  com.DemoApplication - No active profile set, falling back to default profiles: default
17:08:37.171 [main] INFO  o.s.d.r.c.RepositoryConfigurationDelegate - Bootstrapping Spring Data repositories in DEFAULT mode.
17:08:37.225 [main] INFO  o.s.d.r.c.RepositoryConfigurationDelegate - Finished Spring Data repository scanning in 46ms. Found 2 repository interfaces.
17:08:37.226 [main] INFO  o.s.d.r.c.RepositoryConfigurationDelegate - Bootstrapping Spring Data repositories in DEFAULT mode.
17:08:37.233 [main] INFO  o.s.d.r.c.RepositoryConfigurationDelegate - Finished Spring Data repository scanning in 6ms. Found 1 repository interfaces.
17:08:37.821 [main] INFO  o.s.c.s.PostProcessorRegistrationDelegate$BeanPostProcessorChecker - Bean 'org.springframework.transaction.annotation.ProxyTransactionManagementConfiguration' of type [org.springframework.transaction.annotation.ProxyTransactionManagementConfiguration$$EnhancerBySpringCGLIB$$73acd4cb] is not eligible for getting processed by all BeanPostProcessors (for example: not eligible for auto-proxying)
17:08:38.117 [main] INFO  o.s.b.w.e.tomcat.TomcatWebServer - Tomcat initialized with port(s): 8080 (http)
17:08:38.130 [main] INFO  o.a.coyote.http11.Http11NioProtocol - Initializing ProtocolHandler ["http-nio-8080"]
17:08:38.138 [main] INFO  o.a.catalina.core.StandardService - Starting service [Tomcat]
17:08:38.139 [main] INFO  o.a.catalina.core.StandardEngine - Starting Servlet engine: [Apache Tomcat/9.0.17]
17:08:38.263 [main] INFO  o.a.c.c.C.[Tomcat].[localhost].[/] - Initializing Spring embedded WebApplicationContext
17:08:38.263 [main] INFO  o.s.web.context.ContextLoader - Root WebApplicationContext: initialization completed in 2835 ms
17:08:38.779 [main] INFO  com.zaxxer.hikari.HikariDataSource - HikariPool-1 - Starting...
17:08:38.875 [main] INFO  com.zaxxer.hikari.HikariDataSource - HikariPool-1 - Start completed.
17:08:38.888 [main] INFO  com.datasource.GymDataSourceConfig - key:hibernate.show_sql ##### valuetrue
17:08:38.889 [main] INFO  com.datasource.GymDataSourceConfig - key:hibernate.hbm2ddl.auto ##### valueupdate
17:08:38.889 [main] INFO  com.datasource.GymDataSourceConfig - gymmmmmnull
17:08:38.915 [main] INFO  o.h.jpa.internal.util.LogHelper - HHH000204: Processing PersistenceUnitInfo [
	name: GymPersistenceUnit
	...]
17:08:39.013 [main] INFO  org.hibernate.Version - HHH000412: Hibernate Core {5.3.9.Final}
17:08:39.014 [main] INFO  org.hibernate.cfg.Environment - HHH000206: hibernate.properties not found
17:08:39.125 [main] INFO  o.h.annotations.common.Version - HCANN000001: Hibernate Commons Annotations {5.0.4.Final}
17:08:39.251 [main] INFO  com.zaxxer.hikari.HikariDataSource - HikariPool-2 - Starting...
17:08:39.258 [main] INFO  com.zaxxer.hikari.HikariDataSource - HikariPool-2 - Start completed.
17:08:39.266 [main] INFO  org.hibernate.dialect.Dialect - HHH000400: Using dialect: org.hibernate.dialect.MySQL5Dialect
17:08:40.312 [main] INFO  o.s.o.j.LocalContainerEntityManagerFactoryBean - Initialized JPA EntityManagerFactory for persistence unit 'GymPersistenceUnit'
17:08:40.349 [main] INFO  com.datasource.UserDataSourceConfig - key:hibernate.show_sql ##### valuetrue
17:08:40.349 [main] INFO  com.datasource.UserDataSourceConfig - key:hibernate.hbm2ddl.auto ##### valueupdate
17:08:40.349 [main] INFO  com.datasource.UserDataSourceConfig - userrrrrrrrrrrrrrrnull
17:08:40.351 [main] INFO  o.h.jpa.internal.util.LogHelper - HHH000204: Processing PersistenceUnitInfo [
	name: UserPersistenceUnit
	...]
17:08:40.368 [main] INFO  org.hibernate.dialect.Dialect - HHH000400: Using dialect: org.hibernate.dialect.MySQL5Dialect
17:08:40.398 [main] INFO  o.s.o.j.LocalContainerEntityManagerFactoryBean - Initialized JPA EntityManagerFactory for persistence unit 'UserPersistenceUnit'
17:08:40.941 [main] INFO  o.s.s.c.ThreadPoolTaskExecutor - Initializing ExecutorService 'applicationTaskExecutor'
17:08:40.975 [main] WARN  o.s.b.a.o.j.JpaBaseConfiguration$JpaWebConfiguration$JpaWebMvcConfiguration - spring.jpa.open-in-view is enabled by default. Therefore, database queries may be performed during view rendering. Explicitly configure spring.jpa.open-in-view to disable this warning
17:08:41.281 [main] INFO  o.s.b.a.e.web.EndpointLinksResolver - Exposing 15 endpoint(s) beneath base path '/actuator'
17:08:41.333 [main] INFO  o.a.coyote.http11.Http11NioProtocol - Starting ProtocolHandler ["http-nio-8080"]
17:08:41.359 [main] INFO  o.s.b.w.e.tomcat.TomcatWebServer - Tomcat started on port(s): 8080 (http) with context path ''
17:08:41.360 [main] INFO  com.DemoApplication - Started DemoApplication in 6.579 seconds (JVM running for 7.704)
17:08:41.762 [RMI TCP Connection(3)-192.168.183.1] INFO  o.a.c.c.C.[Tomcat].[localhost].[/] - Initializing Spring DispatcherServlet 'dispatcherServlet'
17:08:41.763 [RMI TCP Connection(3)-192.168.183.1] INFO  o.s.web.servlet.DispatcherServlet - Initializing Servlet 'dispatcherServlet'
17:08:41.775 [RMI TCP Connection(3)-192.168.183.1] INFO  o.s.web.servlet.DispatcherServlet - Completed initialization in 12 ms
17:08:53.711 [http-nio-8080-exec-1] WARN  o.s.w.s.m.s.DefaultHandlerExceptionResolver - Resolved [org.springframework.web.HttpRequestMethodNotSupportedException: Request method 'GET' not supported]
17:08:59.459 [http-nio-8080-exec-5] INFO  o.h.h.i.QueryTranslatorFactoryInitiator - HHH000397: Using ASTQueryTranslatorFactory
17:09:02.227 [http-nio-8080-exec-7] INFO  o.h.h.i.QueryTranslatorFactoryInitiator - HHH000397: Using ASTQueryTranslatorFactory
17:12:08.067 [main] INFO  com.DemoApplication - Starting DemoApplication on DESKTOP-UMNURL0 with PID 5688 (C:\Users\zzj\Desktop\spring_boot_example\target\classes started by zzj in C:\Users\zzj\Desktop\spring_boot_example)
17:12:08.073 [main] INFO  com.DemoApplication - No active profile set, falling back to default profiles: default
17:12:09.871 [main] INFO  o.s.d.r.c.RepositoryConfigurationDelegate - Bootstrapping Spring Data repositories in DEFAULT mode.
17:12:09.931 [main] INFO  o.s.d.r.c.RepositoryConfigurationDelegate - Finished Spring Data repository scanning in 51ms. Found 2 repository interfaces.
17:12:09.933 [main] INFO  o.s.d.r.c.RepositoryConfigurationDelegate - Bootstrapping Spring Data repositories in DEFAULT mode.
17:12:09.941 [main] INFO  o.s.d.r.c.RepositoryConfigurationDelegate - Finished Spring Data repository scanning in 8ms. Found 1 repository interfaces.
17:12:10.677 [main] INFO  o.s.c.s.PostProcessorRegistrationDelegate$BeanPostProcessorChecker - Bean 'org.springframework.transaction.annotation.ProxyTransactionManagementConfiguration' of type [org.springframework.transaction.annotation.ProxyTransactionManagementConfiguration$$EnhancerBySpringCGLIB$$9959390b] is not eligible for getting processed by all BeanPostProcessors (for example: not eligible for auto-proxying)
17:12:11.022 [main] INFO  o.s.b.w.e.tomcat.TomcatWebServer - Tomcat initialized with port(s): 8080 (http)
17:12:11.037 [main] INFO  o.a.coyote.http11.Http11NioProtocol - Initializing ProtocolHandler ["http-nio-8080"]
17:12:11.046 [main] INFO  o.a.catalina.core.StandardService - Starting service [Tomcat]
17:12:11.046 [main] INFO  o.a.catalina.core.StandardEngine - Starting Servlet engine: [Apache Tomcat/9.0.17]
17:12:11.173 [main] INFO  o.a.c.c.C.[Tomcat].[localhost].[/] - Initializing Spring embedded WebApplicationContext
17:12:11.173 [main] INFO  o.s.web.context.ContextLoader - Root WebApplicationContext: initialization completed in 3035 ms
17:12:11.662 [main] INFO  com.zaxxer.hikari.HikariDataSource - HikariPool-1 - Starting...
17:12:11.756 [main] INFO  com.zaxxer.hikari.HikariDataSource - HikariPool-1 - Start completed.
17:12:11.768 [main] INFO  com.datasource.GymDataSourceConfig - key:hibernate.show_sql ##### valuetrue
17:12:11.769 [main] INFO  com.datasource.GymDataSourceConfig - key:hibernate.hbm2ddl.auto ##### valueupdate
17:12:11.769 [main] INFO  com.datasource.GymDataSourceConfig - gymmmmmnull
17:12:11.794 [main] INFO  o.h.jpa.internal.util.LogHelper - HHH000204: Processing PersistenceUnitInfo [
	name: GymPersistenceUnit
	...]
17:12:11.889 [main] INFO  org.hibernate.Version - HHH000412: Hibernate Core {5.3.9.Final}
17:12:11.890 [main] INFO  org.hibernate.cfg.Environment - HHH000206: hibernate.properties not found
17:12:12.043 [main] INFO  o.h.annotations.common.Version - HCANN000001: Hibernate Commons Annotations {5.0.4.Final}
17:12:12.194 [main] INFO  com.zaxxer.hikari.HikariDataSource - HikariPool-2 - Starting...
17:12:12.200 [main] INFO  com.zaxxer.hikari.HikariDataSource - HikariPool-2 - Start completed.
17:12:12.209 [main] INFO  org.hibernate.dialect.Dialect - HHH000400: Using dialect: org.hibernate.dialect.MySQL5Dialect
17:12:13.274 [main] INFO  o.s.o.j.LocalContainerEntityManagerFactoryBean - Initialized JPA EntityManagerFactory for persistence unit 'GymPersistenceUnit'
17:12:13.320 [main] INFO  com.datasource.UserDataSourceConfig - key:hibernate.show_sql ##### valuetrue
17:12:13.321 [main] INFO  com.datasource.UserDataSourceConfig - key:hibernate.hbm2ddl.auto ##### valueupdate
17:12:13.321 [main] INFO  com.datasource.UserDataSourceConfig - userrrrrrrrrrrrrrrnull
17:12:13.323 [main] INFO  o.h.jpa.internal.util.LogHelper - HHH000204: Processing PersistenceUnitInfo [
	name: UserPersistenceUnit
	...]
17:12:13.343 [main] INFO  org.hibernate.dialect.Dialect - HHH000400: Using dialect: org.hibernate.dialect.MySQL5Dialect
17:12:13.389 [main] INFO  o.s.o.j.LocalContainerEntityManagerFactoryBean - Initialized JPA EntityManagerFactory for persistence unit 'UserPersistenceUnit'
17:12:14.099 [main] INFO  o.s.s.c.ThreadPoolTaskExecutor - Initializing ExecutorService 'applicationTaskExecutor'
17:12:14.136 [main] WARN  o.s.b.a.o.j.JpaBaseConfiguration$JpaWebConfiguration$JpaWebMvcConfiguration - spring.jpa.open-in-view is enabled by default. Therefore, database queries may be performed during view rendering. Explicitly configure spring.jpa.open-in-view to disable this warning
17:12:14.440 [main] INFO  o.s.b.a.e.web.EndpointLinksResolver - Exposing 15 endpoint(s) beneath base path '/actuator'
17:12:14.496 [main] INFO  o.a.coyote.http11.Http11NioProtocol - Starting ProtocolHandler ["http-nio-8080"]
17:12:14.521 [main] INFO  o.s.b.w.e.tomcat.TomcatWebServer - Tomcat started on port(s): 8080 (http) with context path ''
17:12:14.523 [main] INFO  com.DemoApplication - Started DemoApplication in 7.001 seconds (JVM running for 8.112)
17:12:14.616 [RMI TCP Connection(5)-192.168.183.1] INFO  o.a.c.c.C.[Tomcat].[localhost].[/] - Initializing Spring DispatcherServlet 'dispatcherServlet'
17:12:14.616 [RMI TCP Connection(5)-192.168.183.1] INFO  o.s.web.servlet.DispatcherServlet - Initializing Servlet 'dispatcherServlet'
17:12:14.629 [RMI TCP Connection(5)-192.168.183.1] INFO  o.s.web.servlet.DispatcherServlet - Completed initialization in 12 ms
17:12:59.826 [http-nio-8080-exec-6] INFO  o.h.h.i.QueryTranslatorFactoryInitiator - HHH000397: Using ASTQueryTranslatorFactory
17:13:02.561 [http-nio-8080-exec-8] INFO  o.h.h.i.QueryTranslatorFactoryInitiator - HHH000397: Using ASTQueryTranslatorFactory
